<?xml version="1.0" encoding="UTF-8"?>
<!-- Generated by org.testng.reporters.JUnitReportReporter -->
<testsuite hostname="DESKTOP-HT38EU9" name="com.ajio.PageTests.SignInPageTest" tests="9" failures="0" timestamp="7 Jun 2020 08:11:00 GMT" time="216.262" errors="0">
  <testcase name="verify_TACLink_is_redirecting_to_TACPage" time="22.931" classname="com.ajio.PageTests.SignInPageTest"/>
  <testcase name="verify_signIn_JoinAjio_Link_is_Redirecting_to_signUpModalPopUp" time="25.662" classname="com.ajio.PageTests.SignInPageTest"/>
  <testcase name="verify_Successfull_Login" time="26.280" classname="com.ajio.PageTests.SignInPageTest"/>
  <testcase name="verify_SignInWithOtp_ModalPop_Up" time="24.127" classname="com.ajio.PageTests.SignInPageTest"/>
  <testcase name="verify_backIcon_redirectingPage_To_LoginFormEmail" time="26.898" classname="com.ajio.PageTests.SignInPageTest"/>
  <testcase name="verify_loginForm_Password_ModalPopUp_Visible" time="22.654" classname="com.ajio.PageTests.SignInPageTest"/>
  <testcase name="verify_loginFormEmail_Elements_Visibile" time="24.050" classname="com.ajio.PageTests.SignInPageTest"/>
  <testcase name="verify_closing_LoginForm" time="21.341" classname="com.ajio.PageTests.SignInPageTest"/>
  <testcase name="verify_loginFormPassword_Elements_Visibile" time="22.319" classname="com.ajio.PageTests.SignInPageTest"/>
</testsuite> <!-- com.ajio.PageTests.SignInPageTest -->
