<?xml version="1.0" encoding="UTF-8"?>
<!-- Generated by org.testng.reporters.JUnitReportReporter -->
<testsuite hostname="DESKTOP-HT38EU9" name="com.ajio.testCases.HomePage" tests="7" failures="0" timestamp="5 Jun 2020 17:11:23 GMT" time="169.814" errors="0">
  <testcase name="verify_shopWomen_Link_Redirection" time="24.325" classname="com.ajio.testCases.HomePage"/>
  <testcase name="verify_signIn_JoinAjio_Link_Redirection_To_ModalPopUp" time="20.538" classname="com.ajio.testCases.HomePage"/>
  <testcase name="verify_Homepage_Title" time="23.767" classname="com.ajio.testCases.HomePage"/>
  <testcase name="verify_customerCare_Link_Redirection" time="25.120" classname="com.ajio.testCases.HomePage"/>
  <testcase name="verify_shopKids_Link_Redirection" time="26.110" classname="com.ajio.testCases.HomePage"/>
  <testcase name="verify_shopMen_Link_Redirection" time="27.572" classname="com.ajio.testCases.HomePage"/>
  <testcase name="verify_shopSale_Link_Redirection" time="22.382" classname="com.ajio.testCases.HomePage"/>
</testsuite> <!-- com.ajio.testCases.HomePage -->
