<?xml version="1.0" encoding="UTF-8"?>
<!-- Generated by org.testng.reporters.JUnitReportReporter -->
<testsuite hostname="DESKTOP-HT38EU9" name="com.ajio.PageTests.SignOutPageTest" tests="1" failures="0" timestamp="7 Jun 2020 08:11:44 GMT" time="30.377" errors="0">
  <testcase name="verify_Successfull_SignOut" time="30.377" classname="com.ajio.PageTests.SignOutPageTest"/>
</testsuite> <!-- com.ajio.PageTests.SignOutPageTest -->
