<?xml version="1.0" encoding="UTF-8"?>
<!-- Generated by org.testng.reporters.JUnitReportReporter -->
<testsuite hostname="DESKTOP-HT38EU9" name="com.ajio.PageTests.FooterPageTest" tests="1" failures="0" timestamp="10 Jun 2020 21:43:12 GMT" time="32.150" errors="0">
  <testcase name="verify_ajioHeaderLinks_Are_Working" time="32.150" classname="com.ajio.PageTests.FooterPageTest"/>
</testsuite> <!-- com.ajio.PageTests.FooterPageTest -->
