<?xml version="1.0" encoding="UTF-8"?>
<!-- Generated by org.testng.reporters.JUnitReportReporter -->
<testsuite hostname="DESKTOP-HT38EU9" name="com.ajio.PageTests.LogoFuctionalityTest" tests="1" failures="0" timestamp="7 Jun 2020 08:13:45 GMT" time="42.763" errors="0">
  <testcase name="verify_logo_functionality" time="42.763" classname="com.ajio.PageTests.LogoFuctionalityTest"/>
</testsuite> <!-- com.ajio.PageTests.LogoFuctionalityTest -->
