<?xml version="1.0" encoding="UTF-8"?>
<!-- Generated by org.testng.reporters.JUnitReportReporter -->
<testsuite hostname="DESKTOP-HT38EU9" name="com.ajio.testCases.SignOut" tests="1" failures="0" timestamp="5 Jun 2020 17:08:23 GMT" time="8.107" errors="0">
  <testcase name="ajio_030" time="8.107" classname="com.ajio.testCases.SignOut"/>
</testsuite> <!-- com.ajio.testCases.SignOut -->
