<?xml version="1.0" encoding="UTF-8"?>
<!-- Generated by org.testng.reporters.JUnitReportReporter -->
<testsuite hostname="DESKTOP-HT38EU9" name="com.ajio.PageTests.HomepagePageTests" tests="13" failures="0" timestamp="7 Jun 2020 08:06:51 GMT" time="324.691" errors="0">
  <testcase name="verify_Customercare_Link_is_Redirecting_to_customerCarePage" time="22.705" classname="com.ajio.PageTests.HomepagePageTests"/>
  <testcase name="verify_ShopKids_Link_is_visible" time="23.680" classname="com.ajio.PageTests.HomepagePageTests"/>
  <testcase name="verify_ShopKids_Link_is_Redirecting_to_KidsPage" time="28.153" classname="com.ajio.PageTests.HomepagePageTests"/>
  <testcase name="verify_ShopSale_Link_is_visible" time="29.920" classname="com.ajio.PageTests.HomepagePageTests"/>
  <testcase name="verify_ShopWomen_Link_is_Redirecting_to_WomenPage" time="25.444" classname="com.ajio.PageTests.HomepagePageTests"/>
  <testcase name="verify_signIn_JoinAjio_Link_is_visible" time="24.933" classname="com.ajio.PageTests.HomepagePageTests"/>
  <testcase name="verify_CustomerCare_Link_is_visible" time="18.728" classname="com.ajio.PageTests.HomepagePageTests"/>
  <testcase name="verify_Homepage_Title" time="23.212" classname="com.ajio.PageTests.HomepagePageTests"/>
  <testcase name="verify_signIn_JoinAjio_Link_is_Redirecting_to_signUpModalPopUp" time="24.571" classname="com.ajio.PageTests.HomepagePageTests"/>
  <testcase name="verify_ShopMen_Link_is_Redirecting_to_MenPage" time="26.016" classname="com.ajio.PageTests.HomepagePageTests"/>
  <testcase name="verify_ShopSale_Link_is_Redirecting_to_SalePage" time="25.371" classname="com.ajio.PageTests.HomepagePageTests"/>
  <testcase name="verify_ShopMen_Link_is_visible" time="27.424" classname="com.ajio.PageTests.HomepagePageTests"/>
  <testcase name="verify_ShopWomen_Link_is_visible" time="24.534" classname="com.ajio.PageTests.HomepagePageTests"/>
</testsuite> <!-- com.ajio.PageTests.HomepagePageTests -->
